#
#model:
#
#<?xml version="1.0" encoding="UTF-8" standalone="no"?><input id="posterior" spec="beast.core.util.CompoundDistribution">
#    <distribution id="prior" spec="beast.core.util.CompoundDistribution">
#        <distribution id="YuleModel.t:primates" spec="beast.evolution.speciation.YuleModel">
#            <parameter id="birthRate.t:primates" name="birthDiffRate">1.0</parameter>
#            <tree id="Tree.t:primates">
#                <taxonset id="TaxonSet.primates" spec="beast.evolution.alignment.TaxonSet">
#                </taxonset>
#            </tree>
#        </distribution>
#        <prior id="YuleBirthRatePrior.t:primates" name="distribution" x="@birthRate.t:primates">
#            <Uniform id="Uniform.1" name="distr" upper="Infinity"/>
#        </prior>
#        <prior id="RateACPrior.s:primates" name="distribution">
#            <parameter id="rateAC.s:primates" lower="0.0" name="x">1.0</parameter>
#            <Gamma id="Gamma.0" name="distr">
#                <parameter estimate="false" id="RealParameter.1" name="alpha">0.05</parameter>
#                <parameter estimate="false" id="RealParameter.2" name="beta">10.0</parameter>
#            </Gamma>
#        </prior>
#        <prior id="RateAGPrior.s:primates" name="distribution">
#            <parameter id="rateAG.s:primates" lower="0.0" name="x">1.0</parameter>
#            <Gamma id="Gamma.1" name="distr">
#                <parameter estimate="false" id="RealParameter.3" name="alpha">0.05</parameter>
#                <parameter estimate="false" id="RealParameter.4" name="beta">20.0</parameter>
#            </Gamma>
#        </prior>
#        <prior id="RateATPrior.s:primates" name="distribution">
#            <parameter id="rateAT.s:primates" lower="0.0" name="x">1.0</parameter>
#            <Gamma id="Gamma.2" name="distr">
#                <parameter estimate="false" id="RealParameter.5" name="alpha">0.05</parameter>
#                <parameter estimate="false" id="RealParameter.6" name="beta">10.0</parameter>
#            </Gamma>
#        </prior>
#        <prior id="RateCGPrior.s:primates" name="distribution">
#            <parameter id="rateCG.s:primates" lower="0.0" name="x">1.0</parameter>
#            <Gamma id="Gamma.3" name="distr">
#                <parameter estimate="false" id="RealParameter.7" name="alpha">0.05</parameter>
#                <parameter estimate="false" id="RealParameter.8" name="beta">10.0</parameter>
#            </Gamma>
#        </prior>
#        <prior id="RateGTPrior.s:primates" name="distribution">
#            <parameter id="rateGT.s:primates" lower="0.0" name="x">1.0</parameter>
#            <Gamma id="Gamma.5" name="distr">
#                <parameter estimate="false" id="RealParameter.11" name="alpha">0.05</parameter>
#                <parameter estimate="false" id="RealParameter.12" name="beta">10.0</parameter>
#            </Gamma>
#        </prior>
#    </distribution>
#    <distribution id="likelihood" spec="beast.core.util.CompoundDistribution" useThreads="true">
#        <distribution data="@primates" id="treeLikelihood.primates" spec="beast.evolution.likelihood.ThreadedTreeLikelihood" tree="@Tree.t:primates">
#            <siteModel id="SiteModel.s:primates" spec="beast.evolution.sitemodel.SiteModel">
#                <parameter estimate="false" id="mutationRate.s:primates" name="mutationRate">1.0</parameter>
#                <parameter estimate="false" id="gammaShape.s:primates" name="shape">1.0</parameter>
#                <parameter estimate="false" id="proportionInvariant.s:primates" lower="0.0" name="proportionInvariant" upper="1.0">0.0</parameter>
#                <substModel id="gtr.s:primates" rateAC="@rateAC.s:primates" rateAG="@rateAG.s:primates" rateAT="@rateAT.s:primates" rateCG="@rateCG.s:primates" rateGT="@rateGT.s:primates" spec="beast.evolution.substitutionmodel.GTR">
#                    <parameter estimate="false" id="rateCT.s:primates" lower="0.0" name="rateCT">1.0</parameter>
#                    <frequencies id="estimatedFreqs.s:primates" spec="beast.evolution.substitutionmodel.Frequencies">
#                        <parameter dimension="4" id="freqParameter.s:primates" lower="0.0" name="frequencies" upper="1.0">0.25</parameter>
#                    </frequencies>
#                </substModel>
#            </siteModel>
#            <branchRateModel id="StrictClock.c:primates" spec="beast.evolution.branchratemodel.StrictClockModel">
#                <parameter estimate="false" id="clockRate.c:primates" name="clock.rate">1.0</parameter>
#            </branchRateModel>
#        </distribution>
#    </distribution>
#</input>
#
Sample	NSlikelihood	posterior	likelihood	prior	treeLikelihood	TreeHeight	YuleModel	birthRate	freqParameter.1	freqParameter.2	freqParameter.3	freqParameter.4	rateAC	rateAG	rateAT	rateCG	rateGT
0	-2124.8741452729364	-2129.675149035692	-2124.8741452729364	-4.801003762755432	-2124.8741452729364	0.03846006994228727	10.087385921361701	50.617502161375896	0.25397102190270815	0.26858447837742033	0.217155256817506	0.26028924290236555	0.4347805513720881	0.9703221978631439	0.6890570416040485	0.3401818445482257	3.2299333957290646
1	-2071.8742563511523	-2084.5221586343346	-2071.8742563511523	-12.64790228318243	-2071.8742563511523	0.0666488840057191	4.830672822895047	54.12609880729594	0.23398594791482039	0.26544992392956024	0.22762574493884977	0.27293838321676966	0.36981713766260416	1.8610190650915215	1.735530160007263	1.1854331167809107	2.8301716615352874
2	-2070.498120405924	-2073.8229016733917	-2070.498120405924	-3.324781267467735	-2070.498120405924	0.022569265517886	11.78590444551298	107.89577097260162	0.21756489133263607	0.2592594375103678	0.24569834615733993	0.2774773249996562	0.1704997973374937	1.0603457660379652	0.5904073904576135	1.8618683726174434	2.0300985021396993
3	-2005.698048426231	-2014.4644250448653	-2005.698048426231	-8.766376618634338	-2005.698048426231	0.06290210633102744	6.264980440604113	38.81703380708508	0.21796016030148097	0.2622269618618753	0.24508229565997997	0.2747305821766638	0.33916334971452694	0.9089801464567527	0.5221199650002177	2.216369973796147	1.1021358846268046
4	-2003.3113642321448	-2014.8873987257657	-2003.3113642321448	-11.576034493620874	-2003.3113642321448	0.07234205131786088	5.6276104457272975	24.423423356720395	0.21977836811939871	0.26003670514560684	0.2433868407016813	0.27679808603331313	0.7368653988436913	1.9479307813726987	0.5077396037826112	2.216369973796147	1.9851496709118657
5	-1971.7625385461529	-1981.6850791415084	-1971.7625385461529	-9.92254059535539	-1971.7625385461529	0.12722263425536293	4.8768562428712965	12.537248613672428	0.22885838423497284	0.24812767381243891	0.2433375421866424	0.2796763997659458	0.2341258912448374	1.067781707638324	0.7421902970959555	1.8236223742591462	0.9450108170750808
6	-1957.8816307799773	-1962.574129787337	-1957.8816307799773	-4.692499007359562	-1957.8816307799773	0.031839398339272386	10.34885977627721	47.59659876870789	0.21911105567977243	0.2494237938859637	0.24942486438809913	0.2820402860461647	0.3632107450229402	2.8130324160812004	0.9536549298616223	1.0452636618276325	0.4093473777945996
7	-1921.0736502980453	-1925.9948806627824	-1921.0736502980453	-4.921230364736979	-1921.0736502980453	0.030508414939486885	9.809582786230024	45.13140691776685	0.22015011786077412	0.2527096905556862	0.2496213916302458	0.2775187999532938	0.3866747974677625	4.111932592713685	0.5241466482909893	0.4201156814476814	0.8531498227510959
8	-1900.4899116914828	-1906.6969088509486	-1900.4899116914828	-6.206997159465705	-1900.4899116914828	0.04965864630284181	7.1932666714779	9.52534590390144	0.21770092200391272	0.24601390932507483	0.2523816201549453	0.2839035485160671	1.218578728967349	3.9951575695768407	0.3050493812566366	0.44444997321013746	0.11343660946841978
9	-1870.6252521096872	-1874.0335412249294	-1870.6252521096872	-3.40828911524222	-1870.6252521096872	0.052846458602463044	7.87508133295878	30.288559465607875	0.21262836476034047	0.25465374411685004	0.237952762101095	0.2947651290217145	0.8941059293270331	2.688250154305933	0.1865361187944156	0.23680046696616758	0.0873766628080449
10	-1865.297765830323	-1867.1150937813197	-1865.297765830323	-1.817327950996826	-1865.297765830323	0.03690070130784095	8.686882381562633	16.501001756880473	0.20265517664292448	0.27236059029060933	0.23565935886715209	0.2893248741993141	0.4423938870902475	1.8491584427324448	0.16754171518975175	0.1672289013358178	0.19496098007939
11	-1850.1931274798255	-1850.8133009123344	-1850.1931274798255	-0.6201734325088767	-1850.1931274798255	0.05078783417177019	8.296588246351373	37.750571505976346	0.2163363709421345	0.259022339288576	0.24808860156857196	0.27655268820071743	0.4763805599004616	2.0222790267555526	0.0807007114928911	0.10340729176978983	0.10584897391333568
12	-1833.6190641294986	-1833.9227350307033	-1833.6190641294986	-0.30367090120474993	-1833.6190641294986	0.04879523479883473	8.496170397037819	21.967096946760375	0.2295767186632647	0.2592901721033493	0.24782076875379866	0.26331234047958724	0.2512160220448836	2.0815167243551573	0.10364524202419619	0.18977487138695917	0.07406952641471028
13	-1815.888140074025	-1816.0240550777537	-1815.888140074025	-0.13591500372873966	-1815.888140074025	0.07672425225279475	6.817520174746062	12.21189201507053	0.22875579712114952	0.283517985399521	0.23682606513059867	0.25090015234873075	0.15334537166177678	1.2415373550135986	0.08352491831281182	0.07580163356991011	0.09669659737013142
14	-1809.7909705010602	-1807.8191315128477	-1809.7909705010602	1.971838988212647	-1809.7909705010602	0.061537930326075616	7.289198457501557	16.78496142752597	0.23607633941203354	0.276197443108637	0.23682606513059867	0.25090015234873075	0.06345849736771846	1.3127918624926704	0.07094708117383115	0.07811644052755515	0.04565844365163986
15	-1809.0521437802895	-1806.619261846039	-1809.0521437802895	2.432881934250418	-1809.0521437802895	0.08155866390971454	6.540713056790496	17.677425333280034	0.2543792090054009	0.2619417702106546	0.23277886843521373	0.25090015234873075	0.08721003450150758	0.9471160797929427	0.025068293246928428	0.024780701087066846	0.11729265520012674
16	-1799.6893820433986	-1796.1510318604269	-1799.6893820433986	3.5383501829718234	-1799.6893820433986	0.061074212184503644	7.450859696880525	12.824500776594784	0.2543792090054009	0.2619417702106546	0.23277886843521373	0.25090015234873075	0.23954362978309868	0.9637977507800727	0.01226846002498195	0.049713193673372	0.03446999757372129
17	-1799.553445111361	-1793.6164176782247	-1799.553445111361	5.937027433136306	-1799.553445111361	0.05808061599900223	7.591609363473865	14.978006516368355	0.2494402443442618	0.2596473694993203	0.2309760003631642	0.25993638579325373	0.062148211359188556	0.7684175733262915	0.012212600379863006	0.030882722251044728	0.025831014939507436
18	-1799.4829358378975	-1794.814573807807	-1799.4829358378975	4.668362030090622	-1799.4829358378975	0.05764560416288798	7.430347254117995	29.072408716839984	0.22860610170048584	0.2801587529918217	0.22542408497542876	0.2658110603322638	0.11648769777145786	0.8873817275196487	0.014486380059581349	0.06061895391606276	0.016209034048916795
19	-1796.4177186096124	-1790.286198498043	-1796.4177186096124	6.131520111569353	-1796.4177186096124	0.07360059835426076	7.105422529810022	18.7906938619469	0.23708266211009452	0.28951391883339334	0.1964509601382586	0.27695245891825376	0.029435433227074734	1.2457958911417202	0.00985012582726192	0.038002045552739304	0.016209034048916795
20	-1793.9066776849409	-1789.0502098361364	-1793.9066776849409	4.856467848804356	-1793.9066776849409	0.05926582733695106	7.533050276090753	19.873235636395606	0.24251412268045297	0.2974138923418135	0.19572267834431645	0.2643493066334173	0.05842551771770309	0.9678755947295912	0.01999682430777728	0.06031132195495962	0.019738183457665124
21	-1789.71115315841	-1783.9930466706057	-1789.71115315841	5.718106487804401	-1789.71115315841	0.06383434980398563	7.756078870696605	14.324575052449715	0.24641248357030246	0.3014188466564099	0.18781936313987052	0.2643493066334173	0.05842551771770309	0.9587298270705262	0.026983748148384532	0.03354511127996416	0.013599121298141023
22	-1788.7572705620425	-1783.8976341575853	-1788.7572705620425	4.859636404457098	-1788.7572705620425	0.07050637429055102	6.964010166812701	18.994607572715925	0.24831359207299505	0.3062285512590755	0.18110855003451232	0.2643493066334173	0.040378685652698885	0.7433220733465532	0.03714978440141735	0.049380896875571324	0.013571052853683869
23	-1788.124919100683	-1783.1373143391193	-1788.124919100683	4.987604761563819	-1788.124919100683	0.06976032805969391	7.014222684603907	16.28190526211428	0.24011967875633558	0.29664673273179404	0.17859458269286477	0.2846390058190058	0.05539562873785949	0.7269975550205652	0.02087118391525246	0.062330105855170695	0.013137630275543183
24	-1786.1129135533915	-1782.5339348405091	-1786.1129135533915	3.5789787128824586	-1786.1129135533915	0.06728573411970963	7.083749224873776	20.37147316306334	0.24998253178098684	0.2954512909878551	0.17094030884788824	0.28362586838327	0.08234256610400668	0.6495619267299131	0.021318075371371398	0.07000114834954484	0.04076774906809171
25	-1783.8516952731188	-1780.9732838925495	-1783.8516952731188	2.8784113805693585	-1783.8516952731188	0.06145553015917356	6.97343587994688	25.88446369791301	0.2575715912375448	0.28039262545184146	0.16950046785613634	0.29253531545447753	0.08234256610400668	1.3072648547808363	0.01759310752897577	0.06115803999676764	0.050531394644935196
26	-1782.978215953288	-1778.7581698520253	-1782.978215953288	4.220046101262847	-1782.978215953288	0.057447527998693286	6.168254953088607	41.61845676614276	0.2623117391679965	0.2844177462308251	0.16755713132124608	0.28571338327993245	0.07669649249581377	1.3072648547808363	0.010726062423082805	0.014065953640300546	0.04067718515405846
27	-1775.7784551594366	-1771.8684282870227	-1775.7784551594366	3.910026872413943	-1775.7784551594366	0.06797953330661369	5.799094060186902	31.32037190429053	0.27090149546689657	0.2875639656243112	0.16587659247422118	0.27565794643457125	0.06824987977923977	1.1571695090569856	0.031819713206221206	0.008927191901622444	0.025996295278283642
28	-1775.5391177057013	-1772.4053181830016	-1775.5391177057013	3.1337995226998174	-1775.5391177057013	0.06735583099845605	6.774008997525494	22.720047160882686	0.27090149546689657	0.29102454094041375	0.15931057522585884	0.27876338836683107	0.06909528502194436	1.1571695090569856	0.051795501716727546	0.01900281216868832	0.04656416100830286
29	-1772.7845052137081	-1768.303172917371	-1772.7845052137081	4.481332296336983	-1772.7845052137081	0.0714877664789252	6.9456452864335185	12.434138136829167	0.2791747158071633	0.28923092618255464	0.16607594752416843	0.2655184104861138	0.053095113157678564	0.9035618022986226	0.034600177747806625	0.020027117467073773	0.03255684420021769
30	-1771.9303810736205	-1767.7101625580176	-1771.9303810736205	4.22021851560291	-1771.9303810736205	0.06476387124913364	7.125142034816996	12.447816226842862	0.2816725639306151	0.2692582229531738	0.1748743588598165	0.2741948542563947	0.07186878099627747	0.9035618022986226	0.042984270818058785	0.022415348766800326	0.027435175551608536
31	-1771.3551173540093	-1768.6585655193783	-1771.3551173540093	2.696551834631006	-1771.3551173540093	0.06561739228530142	6.497102752240821	32.961549568636535	0.28561821290614786	0.2710341332053772	0.16633948811232946	0.2770081657761456	0.07186878099627747	0.8446367399870554	0.05170962621693585	0.04291248283434628	0.032696708568350066
32	-1771.2034105953242	-1766.8169575322424	-1771.2034105953242	4.386453063081625	-1771.2034105953242	0.058352180409506973	7.3929094970188745	13.759787790291819	0.2923031218764724	0.2626837221791227	0.1676832714330279	0.2773298845113772	0.050374337083944454	0.7631023336508622	0.05170962621693585	0.026199468299614292	0.036949392615554334
33	-1769.3934273734942	-1763.4875615794022	-1769.3934273734942	5.905865794091977	-1769.3934273734942	0.06862797922594933	7.1503497847819055	20.12633833559855	0.2968613987442735	0.2585129852926119	0.16861213373450507	0.2760134822286098	0.05549786383354602	0.7631023336508622	0.013760471310226886	0.014051744090010079	0.036949392615554334
34	-1768.435542239547	-1764.247989707865	-1768.435542239547	4.187552531681999	-1768.435542239547	0.05793403973342318	6.504602459538325	36.22569922257745	0.3166118367438121	0.2448949829870795	0.16384590365092383	0.2746472766181848	0.0641544520304282	0.7631023336508622	0.014238626352332653	0.02914398508353574	0.045899961316604745
35	-1768.2173129277157	-1761.0170526460613	-1768.2173129277157	7.20026028165451	-1768.2173129277157	0.06535195914227364	7.208370432971138	13.169783824844135	0.3160303301395066	0.2383867223833509	0.17585852149110762	0.2697244259860351	0.05216805516540134	0.7631023336508622	0.00973244562238151	0.01630813641183247	0.013071639254726578
36	-1766.863169145415	-1759.5252023552382	-1766.863169145415	7.337966790176674	-1766.863169145415	0.057763399610360054	7.490795598242986	13.893814388354668	0.323966550279593	0.24750498787018624	0.1590312579090534	0.2694972039411676	0.06284433187009546	0.7631023336508622	0.012834958377852122	0.021714635194120497	0.00718618407123332
37	-1766.5723296089761	-1758.231749690838	-1766.5723296089761	8.340579918138287	-1766.5723296089761	0.05956624395145537	7.596201863370963	15.561459010351465	0.3253342338458735	0.25666273926630445	0.15136713990310943	0.26663588698471286	0.04582282482115337	0.8136230974193654	0.019426084699408146	0.021715617274044342	0.002372540946589466
38	-1766.3271601280824	-1758.9960727985467	-1766.3271601280824	7.331087329535585	-1766.3271601280824	0.06289121058595698	6.4977315689346025	31.94117643808104	0.3402930091957154	0.24621690528606696	0.1502729323942619	0.26321715312395594	0.024810267835516993	0.8136230974193654	0.032926052330456736	0.026892392867862137	0.0019015355023692109
39	-1766.0325998743572	-1757.9259735349617	-1766.0325998743572	8.106626339395472	-1766.0325998743572	0.06282257568985034	7.186875890003197	26.809144462257883	0.3457465829121498	0.24145842104547252	0.15707324950833437	0.2557217465340435	0.030533761557709795	0.699252170320423	0.030639287774237085	0.051717459277501925	9.201738646394333E-4
40	-1765.4299454387371	-1757.8064348261153	-1765.4299454387371	7.623510612621782	-1765.4299454387371	0.06494002174840556	6.924146355544371	25.58433638556191	0.34315496473106666	0.24666089135277028	0.14769910891758375	0.2624850349985795	0.04568649798238756	0.699252170320423	0.029065838742585094	0.03263341097993086	0.0012963351999956438
41	-1765.1153615358362	-1758.0148170951254	-1765.1153615358362	7.100544440710703	-1765.1153615358362	0.06490093270086063	6.481396069948243	29.857286234631065	0.3291921335629273	0.24666089135277028	0.161766004434297	0.2623809706500056	0.045594173547920544	0.699252170320423	0.02912270542789776	0.024130103862477742	0.0019093407612802986
42	-1765.0581303193414	-1756.2241831414897	-1765.0581303193414	8.833947177851687	-1765.0581303193414	0.06482019157813404	7.297103446395335	14.966411500696445	0.32293802496803586	0.25539554347816945	0.15928546090378928	0.2623809706500056	0.06308730057459795	0.8327905393307751	0.02278731650145671	0.022535010076687075	5.987325863911649E-4
43	-1765.038760501821	-1755.3981478690948	-1765.038760501821	9.64061263272609	-1765.038760501821	0.06464784529593362	7.181482606495669	19.8044239798596	0.33203566892619185	0.25241337363309413	0.15552775924077447	0.26002319819993974	0.06308730057459795	0.7655242930642503	0.02308256104351627	0.022572328354548074	2.4401343846089892E-4
44	-1764.9213173173769	-1756.8008052692264	-1764.9213173173769	8.120512048150507	-1764.9213173173769	0.0645718873225625	6.8924478430354945	10.084340380482681	0.32819849096273246	0.2500438622398641	0.15552775924077447	0.2662298875566292	0.06308730057459795	0.7655242930642503	0.03242340954315647	0.02526473401446083	5.663959669532002E-4
45	-1764.8609221413935	-1754.970344607691	-1764.8609221413935	9.89057753370253	-1764.8609221413935	0.06472934874568363	6.5320688763833585	29.793222433510877	0.3246539266602384	0.2500438622398641	0.15907232354326853	0.2662298875566292	0.053030610530513625	0.7655242930642503	0.03242340954315647	0.021010718777063613	8.61684607833259E-5
46	-1764.852094911314	-1755.6169546432411	-1764.852094911314	9.235140268072774	-1764.852094911314	0.06442787902052353	6.870578488804636	26.40587472072638	0.3246539266602384	0.2500438622398641	0.15907232354326853	0.2662298875566292	0.053030610530513625	0.7655242930642503	0.03242340954315647	0.021010718777063613	2.4531604180145453E-4
47	-1764.8300240605117	-1754.7436022362676	-1764.8300240605117	10.08642182424408	-1764.8300240605117	0.06337586253319154	7.4484745269635235	15.42974889856569	0.32912603795885303	0.2498773603160967	0.1592388254670359	0.26175777625801455	0.056622327892952115	0.8366760608161754	0.026754562147617605	0.031126614178020574	1.2837163845940078E-4
48	-1764.7860762108219	-1755.510430967866	-1764.7860762108219	9.275645242956049	-1764.7860762108219	0.06262554943465629	7.077184446921002	10.720550974948054	0.33266343389718883	0.24853776279516948	0.16057842298796313	0.25822038031967876	0.0539993734370337	0.788352822633073	0.03241877968960577	0.023090579178320553	2.531875792775005E-4
49	-1764.6317603770922	-1755.9894491444788	-1764.6317603770922	8.64231123261324	-1764.6317603770922	0.062342182227553646	6.592604207850711	32.11868852239669	0.33137535050820927	0.253086900772882	0.1542532653158487	0.26128448340306026	0.05714140404423804	0.788352822633073	0.03408705099920166	0.03182229524999142	1.9283130835083667E-4
50	-1764.6231363505435	-1755.094473740984	-1764.6231363505435	9.528662609559454	-1764.6231363505435	0.06431298201092428	7.062021565717909	24.934733310316457	0.3329708193104237	0.25145562529513515	0.1542532653158487	0.26132029007859264	0.0516876162934229	0.788352822633073	0.0361781574715071	0.04023765513076273	1.023657489966279E-4
51	-1764.5969704787024	-1757.4226728876079	-1764.5969704787024	7.174297591094446	-1764.5969704787024	0.06305350471772919	4.693089741741486	4.079880587905912	0.33439660598730947	0.25145562529513515	0.15782797731015283	0.25631979140740274	0.05724391946685581	0.7346171687334319	0.027017719465722338	0.03247438218436743	1.6272220241059256E-4
52	-1764.5779531427202	-1756.420910291985	-1764.5779531427202	8.157042850735147	-1764.5779531427202	0.06334376248695406	6.812410469825678	28.176505474547266	0.33439660598730947	0.25145562529513515	0.15782797731015283	0.25631979140740274	0.05724391946685581	0.7965324206318294	0.0335975256093919	0.03247438218436743	3.9765541408289933E-4
53	-1764.5428801900034	-1757.0112753951762	-1764.5428801900034	7.531604794827129	-1764.5428801900034	0.06388737535777422	7.0062541249738075	10.663058893673218	0.33439660598730947	0.24808697914031275	0.1575081591963622	0.26000825567601576	0.048758074760920186	0.7965324206318294	0.0335975256093919	0.03599645051336741	9.981751239709897E-4
54	-1764.520824345922	-1756.5383792112214	-1764.520824345922	7.982445134700614	-1764.520824345922	0.0647465265938794	7.115979409540538	11.64755340756221	0.33439660598730947	0.24808697914031275	0.1575081591963622	0.26000825567601576	0.054609879792384	0.78028075249998	0.030908431696381192	0.03418738926804552	7.276779215152973E-4
55	-1764.5103893739893	-1756.8720642614162	-1764.5103893739893	7.638325112572998	-1764.5103893739893	0.06316111669804629	7.354842703315909	19.62108195898696	0.3327322349365058	0.2535236273161257	0.1575081591963622	0.2562359785510065	0.051289847398049995	0.78028075249998	0.03322572838685552	0.037044977274277704	0.0012283508503414145
56	-1764.5018567773423	-1756.8617898511743	-1764.5018567773423	7.640066926167972	-1764.5018567773423	0.06266034164411344	7.43714743521891	18.12755155440756	0.33248098839030166	0.2535236273161257	0.1575081591963622	0.2564872250972106	0.051289847398049995	0.78028075249998	0.03263938042302228	0.03287959640349413	0.0015342305948643016
57	-1764.4892121507203	-1756.0637785393556	-1764.4892121507203	8.425433611364802	-1764.4892121507203	0.06406068273731515	7.2873977809956925	13.907096340163466	0.33248098839030166	0.2535236273161257	0.1575081591963622	0.2564872250972106	0.051289847398049995	0.78028075249998	0.03263938042302228	0.03287959640349413	5.733821634404191E-4
58	-1764.4882450434716	-1756.8222759140829	-1764.4882450434716	7.665969129388705	-1764.4882450434716	0.06405364368412907	6.941861420692625	26.884567535933364	0.33248098839030166	0.2535236273161257	0.1575081591963622	0.2564872250972106	0.051289847398049995	0.78028075249998	0.030645320386297442	0.03287959640349413	9.443309511364799E-4
59	-1764.4795376098443	-1756.617932651477	-1764.4795376098443	7.86160495836716	-1764.4795376098443	0.0638707793798357	7.380578957372302	19.04924939298834	0.33210759757341857	0.2508885815351027	0.16051659579426833	0.2564872250972106	0.052752280521022606	0.78028075249998	0.030645320386297442	0.03287959640349413	0.001185664491278254
60	-1764.4790887311378	-1758.2238478924714	-1764.4790887311378	6.255240838666313	-1764.4790887311378	0.06432030092725194	5.650393142112817	5.741081883579942	0.3323249974080095	0.25098798482278795	0.16035979571639689	0.25632722205280584	0.052752280521022606	0.78028075249998	0.030645320386297442	0.03287959640349413	0.0010407899504892002
